# JRE version: OpenJDK Runtime Environment Temurin-17.0.12+7 (17.0.12+7) (build 17.0.12+7)
# Java VM: OpenJDK 64-Bit Server VM Temurin-17.0.12+7 (17.0.12+7, mixed mode, emulated-client, tiered, compressed oops, compressed class ptrs, g1 gc, windows-amd64)
GC Precious Log:
 CPUs: 8 total, 8 available
 Memory: 8013M
 Large Page Support: Disabled
 NUMA Support: Disabled
 Compressed Oops: Enabled (32-bit)
 Heap Region Size: 1M
 Heap Min Capacity: 8M
 Heap Initial Capacity: 126M
 Heap Max Capacity: 1G
 Pre-touch: Disabled
 Parallel Workers: 8
 Concurrent Workers: 2
 Concurrent Refinement Workers: 8
 Periodic GC: Disabled
Heap:
 garbage-first heap   total 110592K, used 32552K [0x00000000c0000000, 0x0000000100000000)
  region size 1024K, 1 young (1024K), 0 survivors (0K)
 Metaspace       used 60885K, committed 61696K, reserved 1114112K
  class space    used 7611K, committed 7936K, reserved 1048576K
GC Heap History (20 events):
Event: 129.172 GC heap after
{Heap after GC invocations=28 (full 6):
 garbage-first heap   total 110592K, used 32552K [0x00000000c0000000, 0x0000000100000000)
  region size 1024K, 0 young (0K), 0 survivors (0K)
 Metaspace       used 60885K, committed 61696K, reserved 1114112K
  class space    used 7611K, committed 7936K, reserved 1048576K
}
Event: 139.882 GC heap before
{Heap before GC invocations=28 (full 6):
 garbage-first heap   total 110592K, used 32552K [0x00000000c0000000, 0x0000000100000000)
  region size 1024K, 1 young (1024K), 0 survivors (0K)
 Metaspace       used 60885K, committed 61696K, reserved 1114112K
  class space    used 7611K, committed 7936K, reserved 1048576K
}
Event: 139.945 GC heap after
{Heap after GC invocations=29 (full 7):
 garbage-first heap   total 110592K, used 32552K [0x00000000c0000000, 0x0000000100000000)
  region size 1024K, 0 young (0K), 0 survivors (0K)
 Metaspace       used 60885K, committed 61696K, reserved 1114112K
  class space    used 7611K, committed 7936K, reserved 1048576K
}
Event: 150.565 GC heap before
{Heap before GC invocations=29 (full 7):
 garbage-first heap   total 110592K, used 32552K [0x00000000c0000000, 0x0000000100000000)
  region size 1024K, 1 young (1024K), 0 survivors (0K)
 Metaspace       used 60885K, committed 61696K, reserved 1114112K
  class space    used 7611K, committed 7936K, reserved 1048576K
}
Event: 150.627 GC heap after
{Heap after GC invocations=30 (full 8):
 garbage-first heap   total 110592K, used 32552K [0x00000000c0000000, 0x0000000100000000)
  region size 1024K, 0 young (0K), 0 survivors (0K)
 Metaspace       used 60885K, committed 61696K, reserved 1114112K
  class space    used 7611K, committed 7936K, reserved 1048576K
}
Event: 165.363 GC heap before
{Heap before GC invocations=30 (full 8):
 garbage-first heap   total 110592K, used 32552K [0x00000000c0000000, 0x0000000100000000)
  region size 1024K, 1 young (1024K), 0 survivors (0K)
 Metaspace       used 60885K, committed 61696K, reserved 1114112K
  class space    used 7611K, committed 7936K, reserved 1048576K
}
Event: 165.408 GC heap after
{Heap after GC invocations=31 (full 9):
 garbage-first heap   total 110592K, used 32552K [0x00000000c0000000, 0x0000000100000000)
  region size 1024K, 0 young (0K), 0 survivors (0K)
 Metaspace       used 60885K, committed 61696K, reserved 1114112K
  class space    used 7611K, committed 7936K, reserved 1048576K
}
Event: 176.003 GC heap before
{Heap before GC invocations=31 (full 9):
 garbage-first heap   total 110592K, used 32552K [0x00000000c0000000, 0x0000000100000000)
  region size 1024K, 1 young (1024K), 0 survivors (0K)
 Metaspace       used 60885K, committed 61696K, reserved 1114112K
  class space    used 7611K, committed 7936K, reserved 1048576K
}
Event: 176.061 GC heap after
{Heap after GC invocations=32 (full 10):
 garbage-first heap   total 110592K, used 32552K [0x00000000c0000000, 0x0000000100000000)
  region size 1024K, 0 young (0K), 0 survivors (0K)
 Metaspace       used 60885K, committed 61696K, reserved 1114112K
  class space    used 7611K, committed 7936K, reserved 1048576K
}
Event: 186.713 GC heap before
{Heap before GC invocations=32 (full 10):
 garbage-first heap   total 110592K, used 32552K [0x00000000c0000000, 0x0000000100000000)
  region size 1024K, 1 young (1024K), 0 survivors (0K)
 Metaspace       used 60885K, committed 61696K, reserved 1114112K
  class space    used 7611K, committed 7936K, reserved 1048576K
}
Event: 186.776 GC heap after
{Heap after GC invocations=33 (full 11):
 garbage-first heap   total 110592K, used 32552K [0x00000000c0000000, 0x0000000100000000)
  region size 1024K, 0 young (0K), 0 survivors (0K)
 Metaspace       used 60885K, committed 61696K, reserved 1114112K
  class space    used 7611K, committed 7936K, reserved 1048576K
}
Event: 198.074 GC heap before
{Heap before GC invocations=33 (full 11):
 garbage-first heap   total 110592K, used 32552K [0x00000000c0000000, 0x0000000100000000)
  region size 1024K, 1 young (1024K), 0 survivors (0K)
 Metaspace       used 60885K, committed 61696K, reserved 1114112K
  class space    used 7611K, committed 7936K, reserved 1048576K
}
Event: 198.135 GC heap after
{Heap after GC invocations=34 (full 12):
 garbage-first heap   total 110592K, used 32552K [0x00000000c0000000, 0x0000000100000000)
  region size 1024K, 0 young (0K), 0 survivors (0K)
 Metaspace       used 60885K, committed 61696K, reserved 1114112K
  class space    used 7611K, committed 7936K, reserved 1048576K
}
Event: 208.815 GC heap before
{Heap before GC invocations=34 (full 12):
 garbage-first heap   total 110592K, used 32552K [0x00000000c0000000, 0x0000000100000000)
  region size 1024K, 1 young (1024K), 0 survivors (0K)
 Metaspace       used 60885K, committed 61696K, reserved 1114112K
  class space    used 7611K, committed 7936K, reserved 1048576K
}
Event: 208.892 GC heap after
{Heap after GC invocations=35 (full 13):
 garbage-first heap   total 110592K, used 32552K [0x00000000c0000000, 0x0000000100000000)
  region size 1024K, 0 young (0K), 0 survivors (0K)
 Metaspace       used 60885K, committed 61696K, reserved 1114112K
  class space    used 7611K, committed 7936K, reserved 1048576K
}
Event: 219.835 GC heap before
{Heap before GC invocations=35 (full 13):
 garbage-first heap   total 110592K, used 32552K [0x00000000c0000000, 0x0000000100000000)
  region size 1024K, 1 young (1024K), 0 survivors (0K)
 Metaspace       used 60885K, committed 61696K, reserved 1114112K
  class space    used 7611K, committed 7936K, reserved 1048576K
}
Event: 219.897 GC heap after
{Heap after GC invocations=36 (full 14):
 garbage-first heap   total 110592K, used 32552K [0x00000000c0000000, 0x0000000100000000)
  region size 1024K, 0 young (0K), 0 survivors (0K)
 Metaspace       used 60885K, committed 61696K, reserved 1114112K
  class space    used 7611K, committed 7936K, reserved 1048576K
}
Event: 230.525 GC heap before
{Heap before GC invocations=36 (full 14):
 garbage-first heap   total 110592K, used 32552K [0x00000000c0000000, 0x0000000100000000)
  region size 1024K, 1 young (1024K), 0 survivors (0K)
 Metaspace       used 60885K, committed 61696K, reserved 1114112K
  class space    used 7611K, committed 7936K, reserved 1048576K
}
Event: 230.585 GC heap after
{Heap after GC invocations=37 (full 15):
 garbage-first heap   total 110592K, used 32552K [0x00000000c0000000, 0x0000000100000000)
  region size 1024K, 0 young (0K), 0 survivors (0K)
 Metaspace       used 60885K, committed 61696K, reserved 1114112K
  class space    used 7611K, committed 7936K, reserved 1048576K
}
Event: 241.191 GC heap before
{Heap before GC invocations=37 (full 15):
 garbage-first heap   total 110592K, used 32552K [0x00000000c0000000, 0x0000000100000000)
  region size 1024K, 1 young (1024K), 0 survivors (0K)
 Metaspace       used 60885K, committed 61696K, reserved 1114112K
  class space    used 7611K, committed 7936K, reserved 1048576K
}

